[2025-04-10 05:40:45,218: INFO: main: Initializing Kidney Disease Project]
[2025-04-10 18:52:52,062: INFO: common: yaml file: config\config.yaml loaded successfully]
[2025-04-10 18:52:52,065: INFO: common: yaml file: params.yaml loaded successfully]
[2025-04-10 18:52:52,067: INFO: common: created directory at: artifacts]
[2025-04-10 18:52:52,069: INFO: common: created directory at: artifacts/data_ingestion]
[2025-04-10 18:52:58,366: INFO: common: yaml file: config\config.yaml loaded successfully]
[2025-04-10 18:52:58,368: INFO: common: yaml file: params.yaml loaded successfully]
[2025-04-10 18:52:58,371: INFO: common: created directory at: artifacts]
[2025-04-10 18:52:58,372: INFO: common: created directory at: artifacts/data_ingestion]
[2025-04-10 18:55:27,866: INFO: common: yaml file: config\config.yaml loaded successfully]
[2025-04-10 18:55:27,869: INFO: common: yaml file: params.yaml loaded successfully]
[2025-04-10 18:55:27,871: INFO: common: created directory at: artifacts]
[2025-04-10 18:55:27,874: INFO: common: created directory at: artifacts/data_ingestion]
[2025-04-10 18:55:45,427: INFO: 1160271953: Downloaded data from https://drive.google.com/file/d/1vlhZ5c7abUKF8xXERIw6m9Te8fW7ohw3/view?usp=sharing to artifacts/data_ingestion/data.zip]
[2025-04-10 20:55:30,193: INFO: common: yaml file: config\config.yaml loaded successfully]
[2025-04-10 20:55:30,199: INFO: common: yaml file: params.yaml loaded successfully]
[2025-04-10 20:55:30,200: INFO: common: created directory at: artifacts]
[2025-04-10 20:55:30,206: INFO: common: created directory at: artifacts/prepare_base_model]
[2025-04-10 20:56:23,685: INFO: common: yaml file: config\config.yaml loaded successfully]
[2025-04-10 20:56:23,685: INFO: common: yaml file: params.yaml loaded successfully]
[2025-04-10 20:56:23,696: INFO: common: created directory at: artifacts]
[2025-04-10 20:56:23,699: INFO: common: created directory at: artifacts/prepare_base_model]
[2025-04-10 22:14:42,855: INFO: common: yaml file: config\config.yaml loaded successfully]
[2025-04-10 22:14:42,862: INFO: common: yaml file: params.yaml loaded successfully]
[2025-04-10 22:14:42,862: INFO: common: created directory at: artifacts]
[2025-04-10 22:14:42,867: INFO: common: created directory at: artifacts/prepare_base_model]
[2025-04-10 22:21:49,449: INFO: common: yaml file: config\config.yaml loaded successfully]
[2025-04-10 22:21:49,456: INFO: common: yaml file: params.yaml loaded successfully]
[2025-04-10 22:21:49,457: INFO: common: created directory at: artifacts]
[2025-04-10 22:21:49,463: INFO: common: created directory at: artifacts/data_ingestion]
[2025-04-10 22:22:29,867: INFO: common: yaml file: config\config.yaml loaded successfully]
[2025-04-10 22:22:29,868: INFO: common: yaml file: params.yaml loaded successfully]
[2025-04-10 22:22:29,877: INFO: common: created directory at: artifacts]
[2025-04-10 22:22:29,877: INFO: common: created directory at: artifacts/prepare_base_model]
[2025-04-10 22:31:48,549: INFO: common: yaml file: config\config.yaml loaded successfully]
[2025-04-10 22:31:48,556: INFO: common: yaml file: params.yaml loaded successfully]
[2025-04-10 22:31:48,559: INFO: common: created directory at: artifacts]
[2025-04-10 22:31:48,563: INFO: common: created directory at: artifacts/data_ingestion]
[2025-04-10 22:42:27,046: INFO: common: yaml file: config\config.yaml loaded successfully]
[2025-04-10 22:42:27,053: INFO: common: yaml file: params.yaml loaded successfully]
[2025-04-10 22:42:27,056: INFO: common: created directory at: artifacts]
[2025-04-10 22:56:30,277: INFO: common: yaml file: config\config.yaml loaded successfully]
[2025-04-10 22:56:30,282: INFO: common: yaml file: params.yaml loaded successfully]
[2025-04-10 22:56:30,286: INFO: common: created directory at: artifacts]
[2025-04-10 22:56:38,794: INFO: common: yaml file: config\config.yaml loaded successfully]
[2025-04-10 22:56:38,799: INFO: common: yaml file: params.yaml loaded successfully]
[2025-04-10 22:56:38,803: INFO: common: created directory at: artifacts]
[2025-04-10 22:56:38,809: INFO: common: created directory at: artifacts/prepare_base_model]
[2025-04-10 22:56:49,544: WARNING: saving_utils: Compiled the loaded model, but the compiled metrics have yet to be built. `model.compile_metrics` will be empty until you train or evaluate the model.]
[2025-04-11 00:12:20,491: INFO: common: yaml file: config\config.yaml loaded successfully]
[2025-04-11 00:12:20,496: INFO: common: yaml file: params.yaml loaded successfully]
[2025-04-11 00:12:20,499: INFO: common: created directory at: artifacts]
[2025-04-11 00:12:34,218: INFO: common: yaml file: config\config.yaml loaded successfully]
[2025-04-11 00:12:34,222: INFO: common: yaml file: params.yaml loaded successfully]
[2025-04-11 00:12:34,225: INFO: common: created directory at: artifacts]
[2025-04-11 00:13:48,354: INFO: common: yaml file: config\config.yaml loaded successfully]
[2025-04-11 00:13:48,357: INFO: common: yaml file: params.yaml loaded successfully]
[2025-04-11 00:13:48,359: INFO: common: created directory at: artifacts]
[2025-04-11 00:17:41,132: INFO: common: yaml file: config\config.yaml loaded successfully]
[2025-04-11 00:17:41,136: INFO: common: yaml file: params.yaml loaded successfully]
[2025-04-11 00:17:41,138: INFO: common: created directory at: artifacts]
[2025-04-11 00:17:41,140: INFO: common: created directory at: artifacts\training]
[2025-04-11 00:23:43,141: INFO: common: yaml file: config\config.yaml loaded successfully]
[2025-04-11 00:23:43,145: INFO: common: yaml file: params.yaml loaded successfully]
[2025-04-11 00:23:43,146: INFO: common: created directory at: artifacts]
[2025-04-11 00:23:43,148: INFO: common: created directory at: artifacts\training]
[2025-04-11 00:26:19,880: INFO: common: yaml file: config\config.yaml loaded successfully]
[2025-04-11 00:26:19,885: INFO: common: yaml file: params.yaml loaded successfully]
[2025-04-11 00:26:19,886: INFO: common: created directory at: artifacts]
[2025-04-11 00:26:19,888: INFO: common: created directory at: artifacts\training]
[2025-04-11 00:27:12,199: INFO: common: yaml file: config\config.yaml loaded successfully]
[2025-04-11 00:27:12,202: INFO: common: yaml file: params.yaml loaded successfully]
[2025-04-11 00:27:12,205: INFO: common: created directory at: artifacts]
[2025-04-11 00:27:12,206: INFO: common: created directory at: artifacts\training]
[2025-04-11 00:28:22,039: INFO: common: yaml file: config\config.yaml loaded successfully]
[2025-04-11 00:28:22,041: INFO: common: yaml file: params.yaml loaded successfully]
[2025-04-11 00:28:22,043: INFO: common: created directory at: artifacts]
[2025-04-11 00:28:22,045: INFO: common: created directory at: artifacts\training]
[2025-04-11 00:29:48,292: INFO: common: yaml file: config\config.yaml loaded successfully]
[2025-04-11 00:29:48,294: INFO: common: yaml file: params.yaml loaded successfully]
[2025-04-11 00:29:48,296: INFO: common: created directory at: artifacts]
[2025-04-11 00:29:48,297: INFO: common: created directory at: artifacts\training]
